*** Using Compiler 'V5.06 update 6 (build 750)', folder: 'D:\017_Keil_MDK-ARM_V5.26\ARM\ARMCC\Bin'
Build target 'STM32_StandardLibrary'
assembling startup_stm32f10x_hd.s...
compiling core_cm3.c...
compiling system_stm32f10x.c...
compiling misc.c...
compiling stm32f10x_adc.c...
compiling stm32f10x_bkp.c...
compiling stm32f10x_can.c...
compiling stm32f10x_cec.c...
compiling stm32f10x_crc.c...
compiling stm32f10x_dac.c...
compiling stm32f10x_dbgmcu.c...
compiling stm32f10x_dma.c...
compiling stm32f10x_exti.c...
compiling stm32f10x_flash.c...
compiling stm32f10x_fsmc.c...
compiling stm32f10x_gpio.c...
compiling stm32f10x_i2c.c...
compiling stm32f10x_iwdg.c...
compiling stm32f10x_pwr.c...
compiling stm32f10x_rcc.c...
compiling stm32f10x_rtc.c...
compiling stm32f10x_sdio.c...
compiling stm32f10x_spi.c...
compiling stm32f10x_tim.c...
compiling stm32f10x_usart.c...
compiling stm32f10x_wwdg.c...
compiling main.c...
compiling stm32f10x_it.c...
compiling Buzzer.c...
compiling Exti.c...
compiling Key.c...
compiling SysTick.c...
..\User\SysTick\SysTick.c(32): error:  #20: identifier "TimingDelay" is undefined
        TimingDelay = nTime;    
..\User\SysTick\SysTick.c(42): error:  #20: identifier "TimingDelay" is undefined
        if (TimingDelay != 0x00)
..\User\SysTick\SysTick.c: 0 warnings, 2 errors
"..\Output\STM32_StandardLibrary.axf" - 2 Error(s), 0 Warning(s).
Target not created.
